<?xml version="1.0" encoding="UTF-8"?>
<testsuite name="routeHandler.GetRouteHandlerTest" tests="1" skipped="0" failures="0" errors="0" timestamp="2022-06-03T06:27:20" hostname="Utkashs-MacBook-Pro.local" time="0.453">
  <properties/>
  <testcase name="shouldBeAbleToGetResponseIfPathNotExist()" classname="routeHandler.GetRouteHandlerTest" time="0.453"/>
  <system-out><![CDATA[HTTP/1.1 404 NOT FOUND
Content-Type: text/html; charset=utf-8
Content-Length: 164

<!DOCTYPE html>
<html lang="en">
<head>
    <meta charset="UTF-8">
    <title>404 Page Not Found</title>
</head>
<body>
<h1>404 Page Not Found</h1>
</body>
</html>

]]></system-out>
  <system-err><![CDATA[]]></system-err>
</testsuite>
