<?xml version="1.0" encoding="UTF-8"?>
<testsuite name="validation.NullValidationTest" tests="4" skipped="0" failures="0" errors="0" timestamp="2022-06-03T06:27:21" hostname="Utkashs-MacBook-Pro.local" time="0.108">
  <properties/>
  <testcase name="shouldCheckIfNullValuesInMultipleFieldsAreAllowed()" classname="validation.NullValidationTest" time="0.024"/>
  <testcase name="shouldCheckIfNullValuesInMultipleFieldsAreNotAllowed()" classname="validation.NullValidationTest" time="0.027"/>
  <testcase name="shouldCheckIfNullValuesAreNotAllowed()" classname="validation.NullValidationTest" time="0.026"/>
  <testcase name="shouldCheckIfNullValuesAreAllowed()" classname="validation.NullValidationTest" time="0.028"/>
  <system-out><![CDATA[]]></system-out>
  <system-err><![CDATA[]]></system-err>
</testsuite>
